<?xml version="1.0" encoding="UTF-8"?>
<model
    xmlns  ="http://lt.5grupe.karolis/biosensor/model"
    xmlns:b="http://lt.5grupe.karolis/biosensor/model/bound"
    xmlns:r="http://lt.5grupe.karolis/biosensor/model/reaction"
    xmlns:s="http://lt.5grupe.karolis/biosensor/model/solver"
    xmlns:t="http://lt.5grupe.karolis/biosensor/model/transducer"
    xmlns:xsi="http://www.w3.org/2001/XMLSchema-instance"
    xsi:schemaLocation="
        http://lt.5grupe.karolis/biosensor/model            ../src/libbiosensor-xml/Model.xsd
        http://lt.5grupe.karolis/biosensor/model/bound      ../src/libbiosensor-xml/ModelBound.xsd
        http://lt.5grupe.karolis/biosensor/model/reaction   ../src/libbiosensor-xml/ModelReaction.xsd
        http://lt.5grupe.karolis/biosensor/model/solver     ../src/libbiosensor-xml/ModelSolver.xsd
        http://lt.5grupe.karolis/biosensor/model/transducer ../src/libbiosensor-xml/ModelTransducer.xsd
        "
    coordinateSystem="Cylindrical">


    <axis name="r">
        <point position="r_0"/>
        <point position="r_1"/>
        <point position="r_2"/>
    </axis>
    <axis name="z">
        <point position="z_0"/>
        <point position="z_1"/>
        <point position="z_2"/>
        <point position="z_3"/>
        <!--point position="z_4"/-->
    </axis>


    <substance name="S"/>
    <substance name="P"/>


    <medium name="\Omega_1">
        <substance name="P" diffusion="D_1" initial="0"/>
        <area top="z_1" bottom="z_0" left="r_0" right="r_2"/>
    </medium>
    <medium name="\Omega_2">
        <substance name="S" diffusion="D_2" initial="0"/>
        <substance name="P" diffusion="D_2" initial="0"/>
        <reaction xsi:type="r:MichaelisMenten" V_max="V_max" K_M="K_M" substrate="S" product="P"/>
        <area top="z_1" bottom="z_2" left="r_0" right="r_2"/>
        <area top="z_2" bottom="z_3" left="r_0" right="r_1"/>
    </medium>
    <!--
    <medium name="\Omega_3">
        <area top="z_3" bottom="z_4" left="r_0" right="r_1"/>
    </medium>
    -->


    <bound from="r_0" to="r_2" at="z_0" name="electrodeSurface">
        <substance name="P" xsi:type="b:Constant" concentration="0"/>
    </bound>
    <bound from="r_0" to="r_1" at="z_3">
        <substance name="S" xsi:type="b:Constant" concentration="S_0"/>
        <substance name="P" xsi:type="b:Constant" concentration="0"/>
    </bound>


    <transducer
        name="electrode"
        xsi:type="t:AmperometricElectrode"
        bound="electrodeSurface"
        substance="P"
    />

    
    <!-- Geometry -->
    <symbol name="r_0"  value="0.0"     dimension="m"/>
    <symbol name="r_1"  value="1.0E-7"  dimension="m"/>
    <symbol name="r_2"  value="1.0E-6"  dimension="m"/>
    <symbol name="z_0"  value="0.0"     dimension="m"/>
    <symbol name="z_1"  value="2E-6"    dimension="m"/>
    <symbol name="z_2"  value="4E-6"    dimension="m"/>
    <symbol name="z_3"  value="14E-6"   dimension="m"/>
    <symbol name="z_4"  value="14E-6"   dimension="m"/>

    <!-- Diffusion coefficients -->
    <symbol name="D_1"  value="1E-12"   dimension="m^2/s"/>
    <symbol name="D_2"  value="3E-10"   dimension="m^2/s"/>

    <!-- Concentrations -->
    <symbol name="S_0"  value="1E-4"    dimension="mol/m^3"/>
    <symbol name="0"    value="0.0"     dimension="mol/m^3"/>

    <!-- Reaction parameters -->
    <symbol name="V_max" value="1E-2"   dimension="mol/m^3*s"/>
    <symbol name="K_M"   value="1E-1"   dimension="mol/m^3"/>

    
    <solver xsi:type="s:Implicit2D" timeStep="1E-4">
        <output name="kinetic" xsi:type="s:Kinetic" stepCount="1000">
            <s:output name="concentrations" xsi:type="s:ConcentrationProfile"/>
            <s:output name="currentDensity" xsi:type="s:CurrentDensity"/>
        </output>
        <s:axis from="r_0" to="r_1" xsi:type="s:ConstantAxisPart" stepCount="200"/>
        <s:axis from="r_1" to="r_2" xsi:type="s:ConstantAxisPart" stepCount="200"/>
        <s:axis from="z_0" to="z_1" xsi:type="s:ConstantAxisPart" stepCount="200"/>
        <s:axis from="z_1" to="z_2" xsi:type="s:ConstantAxisPart" stepCount="200"/>
        <s:axis from="z_2" to="z_3" xsi:type="s:ConstantAxisPart" stepCount="200"/>
        <s:stopCondition xsi:type="s:FailIfAbove" stepCount="1000000"/>
    </solver>

</model>
